<?xml version="1.0" encoding="UTF-8"?>
<coverage generated="1661768648">
  <project timestamp="1661768648">
    <file name="/home/runner/work/common-value-objects/common-value-objects/src/FullName.php">
      <class name="Apie\CommonValueObjects\FullName" namespace="global">
        <metrics complexity="4" methods="3" coveredmethods="2" conditionals="0" coveredconditionals="0" statements="7" coveredstatements="2" elements="10" coveredelements="4"/>
      </class>
      <line num="20" type="method" name="__construct" visibility="public" complexity="1" crap="1" count="1"/>
      <line num="27" type="method" name="__toString" visibility="public" complexity="1" crap="1" count="1"/>
      <line num="29" type="stmt" count="1"/>
      <line num="32" type="method" name="createRandom" visibility="public" complexity="2" crap="6" count="0"/>
      <line num="34" type="stmt" count="0"/>
      <line num="36" type="stmt" count="0"/>
      <line num="37" type="stmt" count="0"/>
      <line num="38" type="stmt" count="0"/>
      <line num="39" type="stmt" count="0"/>
      <metrics loc="43" ncloc="40" classes="1" methods="3" coveredmethods="2" conditionals="0" coveredconditionals="0" statements="7" coveredstatements="2" elements="10" coveredelements="4"/>
    </file>
    <file name="/home/runner/work/common-value-objects/common-value-objects/src/Gender.php">
      <class name="Apie\CommonValueObjects\Gender" namespace="global">
        <metrics complexity="2" methods="1" coveredmethods="1" conditionals="0" coveredconditionals="0" statements="1" coveredstatements="1" elements="2" coveredelements="2"/>
      </class>
      <line num="9" type="method" name="getSalutation" visibility="public" complexity="2" crap="2" count="2"/>
      <line num="11" type="stmt" count="2"/>
      <metrics loc="14" ncloc="14" classes="1" methods="1" coveredmethods="1" conditionals="0" coveredconditionals="0" statements="1" coveredstatements="1" elements="2" coveredelements="2"/>
    </file>
    <metrics files="2" loc="57" ncloc="54" classes="2" methods="4" coveredmethods="3" conditionals="0" coveredconditionals="0" statements="8" coveredstatements="3" elements="12" coveredelements="6"/>
  </project>
</coverage>
